\BOOKMARK [1][-]{section.0.1}{Family Acanthaceae}{}% 1
\BOOKMARK [1][-]{section.0.2}{Family Achariaceae}{}% 2
\BOOKMARK [1][-]{section.0.3}{Family Annonaceae}{}% 3
\BOOKMARK [1][-]{section.0.4}{Family Apocynaceae}{}% 4
\BOOKMARK [1][-]{section.0.5}{Family Araceae}{}% 5
\BOOKMARK [1][-]{section.0.6}{Family Araliaceae}{}% 6
\BOOKMARK [1][-]{section.0.7}{Family Boraginaceae}{}% 7
\BOOKMARK [1][-]{section.0.8}{Family Burseraceae}{}% 8
\BOOKMARK [1][-]{section.0.9}{Family Cannabaceae}{}% 9
\BOOKMARK [1][-]{section.0.10}{Family Ericaceae}{}% 10
\BOOKMARK [1][-]{section.0.11}{Family Euphorbiaceae}{}% 11
\BOOKMARK [1][-]{section.0.12}{Family Gesneriaceae}{}% 12
\BOOKMARK [1][-]{section.0.13}{Family Guttiferae}{}% 13
\BOOKMARK [1][-]{section.0.14}{Family Lacistemataceae}{}% 14
\BOOKMARK [1][-]{section.0.15}{Family Lauraceae}{}% 15
\BOOKMARK [1][-]{section.0.16}{Family Lecythidaceae}{}% 16
\BOOKMARK [1][-]{section.0.17}{Family Leguminosae}{}% 17
\BOOKMARK [1][-]{section.0.18}{Family Malpighiaceae}{}% 18
\BOOKMARK [1][-]{section.0.19}{Family Malvaceae}{}% 19
\BOOKMARK [1][-]{section.0.20}{Family Melastomataceae}{}% 20
\BOOKMARK [1][-]{section.0.21}{Family Meliaceae}{}% 21
\BOOKMARK [1][-]{section.0.22}{Family Monimiaceae}{}% 22
\BOOKMARK [1][-]{section.0.23}{Family Moraceae}{}% 23
\BOOKMARK [1][-]{section.0.24}{Family Myristicaceae}{}% 24
\BOOKMARK [1][-]{section.0.25}{Family Olacaceae}{}% 25
\BOOKMARK [1][-]{section.0.26}{Family Palmae}{}% 26
\BOOKMARK [1][-]{section.0.27}{Family Phyllanthaceae}{}% 27
\BOOKMARK [1][-]{section.0.28}{Family Polypodiaceae}{}% 28
\BOOKMARK [1][-]{section.0.29}{Family Primulaceae}{}% 29
\BOOKMARK [1][-]{section.0.30}{Family Pteridaceae}{}% 30
\BOOKMARK [1][-]{section.0.31}{Family Putranjivaceae}{}% 31
\BOOKMARK [1][-]{section.0.32}{Family Rhamnaceae}{}% 32
\BOOKMARK [1][-]{section.0.33}{Family Rubiaceae}{}% 33
\BOOKMARK [1][-]{section.0.34}{Family Salicaceae}{}% 34
\BOOKMARK [1][-]{section.0.35}{Family Sapotaceae}{}% 35
\BOOKMARK [1][-]{section.0.36}{Family Siparunaceae}{}% 36
\BOOKMARK [1][-]{section.0.37}{Family Solanaceae}{}% 37
\BOOKMARK [1][-]{section.0.38}{Family Ulmaceae}{}% 38
\BOOKMARK [1][-]{section.0.39}{Family Urticaceae}{}% 39
\BOOKMARK [1][-]{section.0.40}{Family Verbenaceae}{}% 40
\BOOKMARK [1][-]{section.0.41}{Family Violaceae}{}% 41
\BOOKMARK [1][-]{section.0.42}{Family Vochysiaceae}{}% 42
\BOOKMARK [1][-]{section.0.43}{Family Zingiberaceae}{}% 43
